<?xml version="1.0" encoding="UTF-8"?>
<testng-results ignored="0" total="7" passed="7" failed="0" skipped="0">
  <reporter-output>
  </reporter-output>
  <suite started-at="2022-10-01T19:03:38 PDT" name="TestSuite" finished-at="2022-10-01T19:04:27 PDT" duration-ms="48684">
    <groups>
    </groups>
    <test started-at="2022-10-01T19:03:38 PDT" name="ChromeAutomatedTest" finished-at="2022-10-01T19:03:46 PDT" duration-ms="7412">
      <class name="com.automationscript.ChromeAutomatedTest">
        <test-method is-config="true" signature="setup(java.lang.String,java.lang.String)[pri:0, instance:com.automationscript.ChromeAutomatedTest@131774fe]" started-at="2022-10-01T19:03:38 PDT" name="setup" finished-at="2022-10-01T19:03:42 PDT" duration-ms="3216" status="PASS">
          <params>
            <param index="0">
              <value>
                <![CDATA[chrome]]>
              </value>
            </param>
            <param index="1">
              <value>
                <![CDATA[https://www.google.com/]]>
              </value>
            </param>
          </params>
          <reporter-output>
          </reporter-output>
        </test-method> <!-- setup -->
        <test-method signature="chromeautomateddriver()[pri:0, instance:com.automationscript.ChromeAutomatedTest@131774fe]" started-at="2022-10-01T19:03:42 PDT" name="chromeautomateddriver" finished-at="2022-10-01T19:03:43 PDT" duration-ms="1731" status="PASS">
          <reporter-output>
          </reporter-output>
        </test-method> <!-- chromeautomateddriver -->
        <test-method is-config="true" signature="closebrowser()[pri:0, instance:com.automationscript.ChromeAutomatedTest@131774fe]" started-at="2022-10-01T19:03:43 PDT" name="closebrowser" finished-at="2022-10-01T19:03:46 PDT" duration-ms="2434" status="PASS">
          <reporter-output>
          </reporter-output>
        </test-method> <!-- closebrowser -->
      </class> <!-- com.automationscript.ChromeAutomatedTest -->
    </test> <!-- ChromeAutomatedTest -->
    <test started-at="2022-10-01T19:03:46 PDT" name="FirefoxAutomatedTest" finished-at="2022-10-01T19:03:50 PDT" duration-ms="4582">
      <class name="com.automationscript.FireFoxAutomatedTest">
        <test-method is-config="true" signature="setup(java.lang.String,java.lang.String)[pri:0, instance:com.automationscript.FireFoxAutomatedTest@7b2bbc3]" started-at="2022-10-01T19:03:46 PDT" name="setup" finished-at="2022-10-01T19:03:50 PDT" duration-ms="3783" status="PASS">
          <params>
            <param index="0">
              <value>
                <![CDATA[firefox]]>
              </value>
            </param>
            <param index="1">
              <value>
                <![CDATA[https://www.google.com/]]>
              </value>
            </param>
          </params>
          <reporter-output>
          </reporter-output>
        </test-method> <!-- setup -->
        <test-method signature="firefoxautomateddriver()[pri:0, instance:com.automationscript.FireFoxAutomatedTest@7b2bbc3]" started-at="2022-10-01T19:03:50 PDT" name="firefoxautomateddriver" finished-at="2022-10-01T19:03:50 PDT" duration-ms="127" status="PASS">
          <reporter-output>
          </reporter-output>
        </test-method> <!-- firefoxautomateddriver -->
        <test-method is-config="true" signature="closebrowser()[pri:0, instance:com.automationscript.FireFoxAutomatedTest@7b2bbc3]" started-at="2022-10-01T19:03:50 PDT" name="closebrowser" finished-at="2022-10-01T19:03:50 PDT" duration-ms="667" status="PASS">
          <reporter-output>
          </reporter-output>
        </test-method> <!-- closebrowser -->
      </class> <!-- com.automationscript.FireFoxAutomatedTest -->
    </test> <!-- FirefoxAutomatedTest -->
    <test started-at="2022-10-01T19:03:50 PDT" name="TechArchTestsLogin" finished-at="2022-10-01T19:04:27 PDT" duration-ms="36674">
      <class name="com.automationscript.TeckArchTestsLogin">
        <test-method is-config="true" signature="setupBeforeTest()[pri:0, instance:com.automationscript.TeckArchTestsLogin@14cd1699]" started-at="2022-10-01T19:03:38 PDT" name="setupBeforeTest" finished-at="2022-10-01T19:03:38 PDT" duration-ms="109" status="PASS">
          <reporter-output>
          </reporter-output>
        </test-method> <!-- setupBeforeTest -->
        <test-method is-config="true" signature="setup(java.lang.String,java.lang.String)[pri:0, instance:com.automationscript.TeckArchTestsLogin@14cd1699]" started-at="2022-10-01T19:03:50 PDT" name="setup" finished-at="2022-10-01T19:03:54 PDT" duration-ms="3577" status="PASS">
          <params>
            <param index="0">
              <value>
                <![CDATA[firefox]]>
              </value>
            </param>
            <param index="1">
              <value>
                <![CDATA[https://login.salesforce.com/]]>
              </value>
            </param>
          </params>
          <reporter-output>
          </reporter-output>
        </test-method> <!-- setup -->
        <test-method signature="loginSuccess()[pri:1, instance:com.automationscript.TeckArchTestsLogin@14cd1699]" started-at="2022-10-01T19:03:54 PDT" name="loginSuccess" finished-at="2022-10-01T19:03:58 PDT" duration-ms="4441" status="PASS">
          <reporter-output>
          </reporter-output>
        </test-method> <!-- loginSuccess -->
        <test-method is-config="true" signature="closebrowser()[pri:0, instance:com.automationscript.TeckArchTestsLogin@14cd1699]" started-at="2022-10-01T19:03:58 PDT" name="closebrowser" finished-at="2022-10-01T19:03:59 PDT" duration-ms="544" status="PASS">
          <reporter-output>
          </reporter-output>
        </test-method> <!-- closebrowser -->
        <test-method is-config="true" signature="setup(java.lang.String,java.lang.String)[pri:0, instance:com.automationscript.TeckArchTestsLogin@14cd1699]" started-at="2022-10-01T19:03:59 PDT" name="setup" finished-at="2022-10-01T19:04:03 PDT" duration-ms="3601" status="PASS">
          <params>
            <param index="0">
              <value>
                <![CDATA[firefox]]>
              </value>
            </param>
            <param index="1">
              <value>
                <![CDATA[https://login.salesforce.com/]]>
              </value>
            </param>
          </params>
          <reporter-output>
          </reporter-output>
        </test-method> <!-- setup -->
        <test-method signature="loginFailure()[pri:2, instance:com.automationscript.TeckArchTestsLogin@14cd1699]" started-at="2022-10-01T19:04:03 PDT" name="loginFailure" finished-at="2022-10-01T19:04:03 PDT" duration-ms="695" status="PASS">
          <reporter-output>
          </reporter-output>
        </test-method> <!-- loginFailure -->
        <test-method is-config="true" signature="closebrowser()[pri:0, instance:com.automationscript.TeckArchTestsLogin@14cd1699]" started-at="2022-10-01T19:04:03 PDT" name="closebrowser" finished-at="2022-10-01T19:04:04 PDT" duration-ms="679" status="PASS">
          <reporter-output>
          </reporter-output>
        </test-method> <!-- closebrowser -->
        <test-method is-config="true" signature="setup(java.lang.String,java.lang.String)[pri:0, instance:com.automationscript.TeckArchTestsLogin@14cd1699]" started-at="2022-10-01T19:04:04 PDT" name="setup" finished-at="2022-10-01T19:04:08 PDT" duration-ms="3702" status="PASS">
          <params>
            <param index="0">
              <value>
                <![CDATA[firefox]]>
              </value>
            </param>
            <param index="1">
              <value>
                <![CDATA[https://login.salesforce.com/]]>
              </value>
            </param>
          </params>
          <reporter-output>
          </reporter-output>
        </test-method> <!-- setup -->
        <test-method signature="forgetpassword()[pri:3, instance:com.automationscript.TeckArchTestsLogin@14cd1699]" started-at="2022-10-01T19:04:08 PDT" name="forgetpassword" finished-at="2022-10-01T19:04:09 PDT" duration-ms="1792" status="PASS">
          <reporter-output>
          </reporter-output>
        </test-method> <!-- forgetpassword -->
        <test-method is-config="true" signature="closebrowser()[pri:0, instance:com.automationscript.TeckArchTestsLogin@14cd1699]" started-at="2022-10-01T19:04:09 PDT" name="closebrowser" finished-at="2022-10-01T19:04:10 PDT" duration-ms="641" status="PASS">
          <reporter-output>
          </reporter-output>
        </test-method> <!-- closebrowser -->
        <test-method is-config="true" signature="setup(java.lang.String,java.lang.String)[pri:0, instance:com.automationscript.TeckArchTestsLogin@14cd1699]" started-at="2022-10-01T19:04:10 PDT" name="setup" finished-at="2022-10-01T19:04:14 PDT" duration-ms="3504" status="PASS">
          <params>
            <param index="0">
              <value>
                <![CDATA[firefox]]>
              </value>
            </param>
            <param index="1">
              <value>
                <![CDATA[https://login.salesforce.com/]]>
              </value>
            </param>
          </params>
          <reporter-output>
          </reporter-output>
        </test-method> <!-- setup -->
        <test-method signature="forgetpassword4()[pri:4, instance:com.automationscript.TeckArchTestsLogin@14cd1699]" started-at="2022-10-01T19:04:14 PDT" name="forgetpassword4" finished-at="2022-10-01T19:04:14 PDT" duration-ms="312" status="PASS">
          <reporter-output>
          </reporter-output>
        </test-method> <!-- forgetpassword4 -->
        <test-method is-config="true" signature="closebrowser()[pri:0, instance:com.automationscript.TeckArchTestsLogin@14cd1699]" started-at="2022-10-01T19:04:14 PDT" name="closebrowser" finished-at="2022-10-01T19:04:14 PDT" duration-ms="639" status="PASS">
          <reporter-output>
          </reporter-output>
        </test-method> <!-- closebrowser -->
        <test-method is-config="true" signature="setup(java.lang.String,java.lang.String)[pri:0, instance:com.automationscript.TeckArchTestsLogin@14cd1699]" started-at="2022-10-01T19:04:14 PDT" name="setup" finished-at="2022-10-01T19:04:18 PDT" duration-ms="3599" status="PASS">
          <params>
            <param index="0">
              <value>
                <![CDATA[firefox]]>
              </value>
            </param>
            <param index="1">
              <value>
                <![CDATA[https://login.salesforce.com/]]>
              </value>
            </param>
          </params>
          <reporter-output>
          </reporter-output>
        </test-method> <!-- setup -->
        <test-method signature="rememberMe()[pri:5, instance:com.automationscript.TeckArchTestsLogin@14cd1699]" started-at="2022-10-01T19:04:18 PDT" name="rememberMe" finished-at="2022-10-01T19:04:26 PDT" duration-ms="8354" status="PASS">
          <reporter-output>
          </reporter-output>
        </test-method> <!-- rememberMe -->
        <test-method is-config="true" signature="closebrowser()[pri:0, instance:com.automationscript.TeckArchTestsLogin@14cd1699]" started-at="2022-10-01T19:04:26 PDT" name="closebrowser" finished-at="2022-10-01T19:04:27 PDT" duration-ms="585" status="PASS">
          <reporter-output>
          </reporter-output>
        </test-method> <!-- closebrowser -->
        <test-method is-config="true" signature="endReport()[pri:0, instance:com.automationscript.TeckArchTestsLogin@14cd1699]" started-at="2022-10-01T19:04:27 PDT" name="endReport" finished-at="2022-10-01T19:04:27 PDT" duration-ms="175" status="PASS">
          <reporter-output>
          </reporter-output>
        </test-method> <!-- endReport -->
      </class> <!-- com.automationscript.TeckArchTestsLogin -->
    </test> <!-- TechArchTestsLogin -->
  </suite> <!-- TestSuite -->
</testng-results>
