<?xml version="1.0" encoding="UTF-8"?>
<!-- Generated by org.testng.reporters.JUnitXMLReporter -->
<testsuite ignored="0" hostname="DESKTOP-0RPD1E9" failures="0" tests="6" name="TechArchTestsUserMenu" time="87.999" errors="0" timestamp="2022-10-01T15:53:27 PDT">
  <testcase classname="com.automationscript.TeckArchTestsUserMenu" name="TC05" time="3.025"/>
  <testcase classname="com.automationscript.TeckArchTestsUserMenu" name="TC06_a" time="11.705"/>
  <testcase classname="com.automationscript.TeckArchTestsUserMenu" name="TC06_b" time="11.126"/>
  <testcase classname="com.automationscript.TeckArchTestsUserMenu" name="TC07" time="8.74"/>
  <testcase classname="com.automationscript.TeckArchTestsUserMenu" name="TC08" time="6.664"/>
  <testcase classname="com.automationscript.TeckArchTestsUserMenu" name="TC09" time="2.937"/>
</testsuite> <!-- TechArchTestsUserMenu -->
