<?xml version="1.0" encoding="UTF-8"?>
<!-- Generated by org.testng.reporters.JUnitXMLReporter -->
<testsuite ignored="0" hostname="DESKTOP-0RPD1E9" failures="0" tests="5" name="TechArchTestsLogin" time="36.674" errors="0" timestamp="2022-10-01T19:04:27 PDT">
  <testcase classname="com.automationscript.TeckArchTestsLogin" name="loginSuccess" time="4.441"/>
  <testcase classname="com.automationscript.TeckArchTestsLogin" name="loginFailure" time="0.695"/>
  <testcase classname="com.automationscript.TeckArchTestsLogin" name="forgetpassword" time="1.792"/>
  <testcase classname="com.automationscript.TeckArchTestsLogin" name="forgetpassword4" time="0.312"/>
  <testcase classname="com.automationscript.TeckArchTestsLogin" name="rememberMe" time="8.354"/>
</testsuite> <!-- TechArchTestsLogin -->
