<?xml version="1.0" encoding="UTF-8"?>
<!-- Generated by org.testng.reporters.JUnitXMLReporter -->
<testsuite ignored="0" hostname="DESKTOP-0RPD1E9" failures="0" tests="6" name="TechArchTests" time="46.734" errors="0" timestamp="2022-10-01T09:54:48 PDT">
  <testcase classname="com.automationscript.TeckArchTests" name="TC05" time="2.69"/>
  <testcase classname="com.automationscript.TeckArchTests" name="TC06_a" time="9.109"/>
  <testcase classname="com.automationscript.TeckArchTests" name="TC06_b" time="9.733"/>
  <testcase classname="com.automationscript.TeckArchTests" name="TC07" time="7.955"/>
  <testcase classname="com.automationscript.TeckArchTests" name="TC08" time="0.98"/>
  <testcase classname="com.automationscript.TeckArchTests" name="TC09" time="0.926"/>
</testsuite> <!-- TechArchTests -->
