<?xml version="1.0" encoding="UTF-8"?>
<!-- Generated by org.testng.reporters.JUnitXMLReporter -->
<testsuite ignored="0" hostname="DESKTOP-0RPD1E9" failures="0" tests="6" name="TekArchTestRS" time="88.295" errors="0" timestamp="2022-10-01T15:56:35 PDT">
  <testcase classname="com.automationscript.TekArchTestRS" name="TC32" time="4.805"/>
  <testcase classname="com.automationscript.TekArchTestRS" name="TC33" time="6.98"/>
  <testcase classname="com.automationscript.TekArchTestRS" name="TC34" time="10.067"/>
  <testcase classname="com.automationscript.TekArchTestRS" name="TC35" time="7.869"/>
  <testcase classname="com.automationscript.TekArchTestRS" name="TC36" time="12.968"/>
  <testcase classname="com.automationscript.TekArchTestRS" name="TC37" time="10.538"/>
</testsuite> <!-- TekArchTestRS -->
