<?xml version="1.0" encoding="UTF-8"?>
<!-- Generated by org.testng.reporters.JUnitXMLReporter -->
<testsuite ignored="0" hostname="DESKTOP-0RPD1E9" failures="0" tests="3" name="TekArchTestContact" time="43.286" errors="0" timestamp="2022-10-01T15:55:07 PDT">
  <testcase classname="com.automationscript.TekArchTestContact" name="TC30" time="7.92"/>
  <testcase classname="com.automationscript.TekArchTestContact" name="TC31" time="6.738"/>
  <testcase classname="com.automationscript.TekArchTestContact" name="TC32" time="6.375"/>
</testsuite> <!-- TekArchTestContact -->
