<?xml version="1.0" encoding="UTF-8"?>
<!-- Generated by org.testng.reporters.JUnitXMLReporter -->
<testsuite ignored="0" hostname="DESKTOP-0RPD1E9" failures="0" tests="3" name="TekArchestLeads" time="37.965" errors="0" timestamp="2022-10-01T11:52:25 PDT">
  <testcase classname="com.automationscript.TekArchTestLeads" name="TC24" time="9.637"/>
  <testcase classname="com.automationscript.TekArchTestLeads" name="TC23" time="4.64"/>
  <testcase classname="com.automationscript.TekArchTestLeads" name="TC22" time="8.251"/>
</testsuite> <!-- TekArchestLeads -->
